<html>
<head>
<title>TestNG:  Test</title>
<link href="../testng.css" rel="stylesheet" type="text/css" />
<link href="../my-testng.css" rel="stylesheet" type="text/css" />

<style type="text/css">
.log { display: none;} 
.stack-trace { display: none;} 
</style>
<script type="text/javascript">
<!--
function flip(e) {
  current = e.style.display;
  if (current == 'block') {
    e.style.display = 'none';
    return 0;
  }
  else {
    e.style.display = 'block';
    return 1;
  }
}

function toggleBox(szDivId, elem, msg1, msg2)
{
  var res = -1;  if (document.getElementById) {
    res = flip(document.getElementById(szDivId));
  }
  else if (document.all) {
    // this is the way old msie versions work
    res = flip(document.all[szDivId]);
  }
  if(elem) {
    if(res == 0) elem.innerHTML = msg1; else elem.innerHTML = msg2;
  }

}

function toggleAllBoxes() {
  if (document.getElementsByTagName) {
    d = document.getElementsByTagName('div');
    for (i = 0; i < d.length; i++) {
      if (d[i].className == 'log') {
        flip(d[i]);
      }
    }
  }
}

// -->
</script>

</head>
<body>
<h2 align='center'>Test</h2><table border='1' align="center">
<tr>
<td>Tests passed/Failed/Skipped:</td><td>1/1/0</td>
</tr><tr>
<td>Started on:</td><td>Wed Jan 13 12:38:11 IST 2021</td>
</tr>
<tr><td>Total time:</td><td>7 seconds (7233 ms)</td>
</tr><tr>
<td>Included groups:</td><td></td>
</tr><tr>
<td>Excluded groups:</td><td></td>
</tr>
</table><p/>
<small><i>(Hover the method name to see the test class name)</i></small><p/>
<table width='100%' border='1' class='invocation-failed'>
<tr><td colspan='4' align='center'><b>FAILED TESTS</b></td></tr>
<tr><td><b>Test method</b></td>
<td width="30%"><b>Exception</b></td>
<td width="10%"><b>Time (seconds)</b></td>
<td><b>Instance</b></td>
</tr>
<tr>
<td title='TestCases.CreateVendorTest.createVendor()'><b>createVendor</b><br>Test class: TestCases.CreateVendorTest</td>
<td><div><pre>org.openqa.selenium.WebDriverException: unknown error: Element &lt;path d=&quot;M1.65305487,0.0816707806 L24.3149344,0.0816707806 C25.2278914,0.0816707806 25.9679892,0.821768655 25.9679892,1.73472565 C25.9679892,2.64768265 25.2278914,3.38778052 24.3149344,3.38778052 L1.65305487,3.38778052 C0.740097875,3.38778052 1.11804986e-16,2.64768265 0,1.73472565 C-1.11804986e-16,0.821768655 0.740097875,0.0816707806 1.65305487,0.0816707806 Z M1.65305487,8.34694513 L16.1342177,8.34694513 C17.0471747,8.34694513 17.7872725,9.087043 17.7872725,10 C17.7872725,10.912957 17.0471747,11.6530549 16.1342177,11.6530549 L1.65305487,11.6530549 C0.740097875,11.6530549 1.11804986e-16,10.912957 0,10 C-1.11804986e-16,9.087043 0.740097875,8.34694513 1.65305487,8.34694513 Z M22.1076003,8.34694513 L24.3160359,8.34694513 C25.2289928,8.34694513 25.9690907,9.087043 25.9690907,10 C25.9690907,10.912957 25.2289928,11.6530549 24.3160359,11.6530549 L22.1076003,11.6530549 C21.1946433,11.6530549 20.4545455,10.912957 20.4545455,10 C20.4545455,9.087043 21.1946433,8.34694513 22.1076003,8.34694513 Z M1.65305487,16.6122195 L24.3149344,16.6122195 C25.2278914,16.6122195 25.9679892,17.3523174 25.9679892,18.2652743 C25.9679892,19.1782313 25.2278914,19.9183292 24.3149344,19.9183292 L1.65305487,19.9183292 C0.740097875,19.9183292 1.11804986e-16,19.1782313 0,18.2652743 C-1.11804986e-16,17.3523174 0.740097875,16.6122195 1.65305487,16.6122195 Z&quot; id=&quot;Combined-Shape4&quot;&gt;&lt;/path&gt; is not clickable at point (1299, 28). Other element would receive the click: &lt;div class=&quot;modal-backdrop loading normal&quot; style=&quot;background: rgba(0,0,0,0.7);position:fixed;z-index:3060;height:100%;top:0px;left:0px;bottom: 0px;right:0px;text-align: center;&quot;&gt;...&lt;/div&gt;
  (Session info: chrome=87.0.4280.141)
  (Driver info: chromedriver=2.40.565498 (ea082db3280dd6843ebfb08a625e3eb905c4f5ab),platform=Windows NT 10.0.18363 x86_64) (WARNING: The server did not provide any stacktrace information)
Command duration or timeout: 0 milliseconds
Build info: version: &apos;3.141.59&apos;, revision: &apos;e82be7d358&apos;, time: &apos;2018-11-14T08:17:03&apos;
System info: host: &apos;DESKTOP-79QFOE9&apos;, ip: &apos;192.168.100.40&apos;, os.name: &apos;Windows 10&apos;, os.arch: &apos;amd64&apos;, os.version: &apos;10.0&apos;, java.version: &apos;1.8.0_171&apos;
Driver info: org.openqa.selenium.chrome.ChromeDriver
Capabilities {acceptInsecureCerts: false, acceptSslCerts: false, applicationCacheEnabled: false, browserConnectionEnabled: false, browserName: chrome, chrome: {chromedriverVersion: 2.40.565498 (ea082db3280dd6..., userDataDir: C:\Users\LENOVO\AppData\Loc...}, cssSelectorsEnabled: true, databaseEnabled: false, handlesAlerts: true, hasTouchScreen: false, javascriptEnabled: true, locationContextEnabled: true, mobileEmulationEnabled: false, nativeEvents: true, networkConnectionEnabled: false, pageLoadStrategy: normal, platform: XP, platformName: XP, rotatable: false, setWindowRect: true, takesHeapSnapshot: true, takesScreenshot: true, unexpectedAlertBehaviour: , unhandledPromptBehavior: , version: 87.0.4280.141, webStorageEnabled: true}
Session ID: 659e32492182c1c92fb845edd64ea710
	at org.openqa.selenium.remote.ErrorHandler.createThrowable(ErrorHandler.java:214)
	at org.openqa.selenium.remote.ErrorHandler.throwIfResponseFailed(ErrorHandler.java:166)
	at org.openqa.selenium.remote.http.JsonHttpResponseCodec.reconstructValue(JsonHttpResponseCodec.java:40)
	at org.openqa.selenium.remote.http.AbstractHttpResponseCodec.decode(AbstractHttpResponseCodec.java:80)
	at org.openqa.selenium.remote.http.AbstractHttpResponseCodec.decode(AbstractHttpResponseCodec.java:44)
	at org.openqa.selenium.remote.HttpCommandExecutor.execute(HttpCommandExecutor.java:158)
	at org.openqa.selenium.remote.service.DriverCommandExecutor.execute(DriverCommandExecutor.java:83)
	at org.openqa.selenium.remote.RemoteWebDriver.execute(RemoteWebDriver.java:552)
	at org.openqa.selenium.remote.RemoteWebElement.execute(RemoteWebElement.java:285)
	at org.openqa.selenium.remote.RemoteWebElement.click(RemoteWebElement.java:84)
	at org.openqa.selenium.support.pagefactory.internal.LocatingElementHandler.invoke(LocatingElementHandler.java:51)
	at com.sun.proxy.$Proxy13.click(Unknown Source)
	at Pages.Homepage.clicONMenuButton(Homepage.java:26)
	at TestCases.CreateVendorTest.createVendor(CreateVendorTest.java:19)
... Removed 33 stack frames</pre></div><a href='#' onClick='toggleBox("stack-trace1424698224", this, "Click to show all stack frames", "Click to hide stack frames")'>Click to show all stack frames</a>
<div class='stack-trace' id='stack-trace1424698224'><pre>org.openqa.selenium.WebDriverException: unknown error: Element &lt;path d=&quot;M1.65305487,0.0816707806 L24.3149344,0.0816707806 C25.2278914,0.0816707806 25.9679892,0.821768655 25.9679892,1.73472565 C25.9679892,2.64768265 25.2278914,3.38778052 24.3149344,3.38778052 L1.65305487,3.38778052 C0.740097875,3.38778052 1.11804986e-16,2.64768265 0,1.73472565 C-1.11804986e-16,0.821768655 0.740097875,0.0816707806 1.65305487,0.0816707806 Z M1.65305487,8.34694513 L16.1342177,8.34694513 C17.0471747,8.34694513 17.7872725,9.087043 17.7872725,10 C17.7872725,10.912957 17.0471747,11.6530549 16.1342177,11.6530549 L1.65305487,11.6530549 C0.740097875,11.6530549 1.11804986e-16,10.912957 0,10 C-1.11804986e-16,9.087043 0.740097875,8.34694513 1.65305487,8.34694513 Z M22.1076003,8.34694513 L24.3160359,8.34694513 C25.2289928,8.34694513 25.9690907,9.087043 25.9690907,10 C25.9690907,10.912957 25.2289928,11.6530549 24.3160359,11.6530549 L22.1076003,11.6530549 C21.1946433,11.6530549 20.4545455,10.912957 20.4545455,10 C20.4545455,9.087043 21.1946433,8.34694513 22.1076003,8.34694513 Z M1.65305487,16.6122195 L24.3149344,16.6122195 C25.2278914,16.6122195 25.9679892,17.3523174 25.9679892,18.2652743 C25.9679892,19.1782313 25.2278914,19.9183292 24.3149344,19.9183292 L1.65305487,19.9183292 C0.740097875,19.9183292 1.11804986e-16,19.1782313 0,18.2652743 C-1.11804986e-16,17.3523174 0.740097875,16.6122195 1.65305487,16.6122195 Z&quot; id=&quot;Combined-Shape4&quot;&gt;&lt;/path&gt; is not clickable at point (1299, 28). Other element would receive the click: &lt;div class=&quot;modal-backdrop loading normal&quot; style=&quot;background: rgba(0,0,0,0.7);position:fixed;z-index:3060;height:100%;top:0px;left:0px;bottom: 0px;right:0px;text-align: center;&quot;&gt;...&lt;/div&gt;
  (Session info: chrome=87.0.4280.141)
  (Driver info: chromedriver=2.40.565498 (ea082db3280dd6843ebfb08a625e3eb905c4f5ab),platform=Windows NT 10.0.18363 x86_64) (WARNING: The server did not provide any stacktrace information)
Command duration or timeout: 0 milliseconds
Build info: version: &apos;3.141.59&apos;, revision: &apos;e82be7d358&apos;, time: &apos;2018-11-14T08:17:03&apos;
System info: host: &apos;DESKTOP-79QFOE9&apos;, ip: &apos;192.168.100.40&apos;, os.name: &apos;Windows 10&apos;, os.arch: &apos;amd64&apos;, os.version: &apos;10.0&apos;, java.version: &apos;1.8.0_171&apos;
Driver info: org.openqa.selenium.chrome.ChromeDriver
Capabilities {acceptInsecureCerts: false, acceptSslCerts: false, applicationCacheEnabled: false, browserConnectionEnabled: false, browserName: chrome, chrome: {chromedriverVersion: 2.40.565498 (ea082db3280dd6..., userDataDir: C:\Users\LENOVO\AppData\Loc...}, cssSelectorsEnabled: true, databaseEnabled: false, handlesAlerts: true, hasTouchScreen: false, javascriptEnabled: true, locationContextEnabled: true, mobileEmulationEnabled: false, nativeEvents: true, networkConnectionEnabled: false, pageLoadStrategy: normal, platform: XP, platformName: XP, rotatable: false, setWindowRect: true, takesHeapSnapshot: true, takesScreenshot: true, unexpectedAlertBehaviour: , unhandledPromptBehavior: , version: 87.0.4280.141, webStorageEnabled: true}
Session ID: 659e32492182c1c92fb845edd64ea710
	at sun.reflect.NativeConstructorAccessorImpl.newInstance0(Native Method)
	at sun.reflect.NativeConstructorAccessorImpl.newInstance(Unknown Source)
	at sun.reflect.DelegatingConstructorAccessorImpl.newInstance(Unknown Source)
	at java.lang.reflect.Constructor.newInstance(Unknown Source)
	at org.openqa.selenium.remote.ErrorHandler.createThrowable(ErrorHandler.java:214)
	at org.openqa.selenium.remote.ErrorHandler.throwIfResponseFailed(ErrorHandler.java:166)
	at org.openqa.selenium.remote.http.JsonHttpResponseCodec.reconstructValue(JsonHttpResponseCodec.java:40)
	at org.openqa.selenium.remote.http.AbstractHttpResponseCodec.decode(AbstractHttpResponseCodec.java:80)
	at org.openqa.selenium.remote.http.AbstractHttpResponseCodec.decode(AbstractHttpResponseCodec.java:44)
	at org.openqa.selenium.remote.HttpCommandExecutor.execute(HttpCommandExecutor.java:158)
	at org.openqa.selenium.remote.service.DriverCommandExecutor.execute(DriverCommandExecutor.java:83)
	at org.openqa.selenium.remote.RemoteWebDriver.execute(RemoteWebDriver.java:552)
	at org.openqa.selenium.remote.RemoteWebElement.execute(RemoteWebElement.java:285)
	at org.openqa.selenium.remote.RemoteWebElement.click(RemoteWebElement.java:84)
	at sun.reflect.NativeMethodAccessorImpl.invoke0(Native Method)
	at sun.reflect.NativeMethodAccessorImpl.invoke(Unknown Source)
	at sun.reflect.DelegatingMethodAccessorImpl.invoke(Unknown Source)
	at java.lang.reflect.Method.invoke(Unknown Source)
	at org.openqa.selenium.support.pagefactory.internal.LocatingElementHandler.invoke(LocatingElementHandler.java:51)
	at com.sun.proxy.$Proxy13.click(Unknown Source)
	at Pages.Homepage.clicONMenuButton(Homepage.java:26)
	at TestCases.CreateVendorTest.createVendor(CreateVendorTest.java:19)
	at sun.reflect.NativeMethodAccessorImpl.invoke0(Native Method)
	at sun.reflect.NativeMethodAccessorImpl.invoke(Unknown Source)
	at sun.reflect.DelegatingMethodAccessorImpl.invoke(Unknown Source)
	at java.lang.reflect.Method.invoke(Unknown Source)
	at org.testng.internal.MethodInvocationHelper.invokeMethod(MethodInvocationHelper.java:124)
	at org.testng.internal.Invoker.invokeMethod(Invoker.java:583)
	at org.testng.internal.Invoker.invokeTestMethod(Invoker.java:719)
	at org.testng.internal.Invoker.invokeTestMethods(Invoker.java:989)
	at org.testng.internal.TestMethodWorker.invokeTestMethods(TestMethodWorker.java:125)
	at org.testng.internal.TestMethodWorker.run(TestMethodWorker.java:109)
	at org.testng.TestRunner.privateRun(TestRunner.java:648)
	at org.testng.TestRunner.run(TestRunner.java:505)
	at org.testng.SuiteRunner.runTest(SuiteRunner.java:455)
	at org.testng.SuiteRunner.runSequentially(SuiteRunner.java:450)
	at org.testng.SuiteRunner.privateRun(SuiteRunner.java:415)
	at org.testng.SuiteRunner.run(SuiteRunner.java:364)
	at org.testng.SuiteRunnerWorker.runSuite(SuiteRunnerWorker.java:52)
	at org.testng.SuiteRunnerWorker.run(SuiteRunnerWorker.java:84)
	at org.testng.TestNG.runSuitesSequentially(TestNG.java:1208)
	at org.testng.TestNG.runSuitesLocally(TestNG.java:1137)
	at org.testng.TestNG.runSuites(TestNG.java:1049)
	at org.testng.TestNG.run(TestNG.java:1017)
	at org.testng.remote.AbstractRemoteTestNG.run(AbstractRemoteTestNG.java:114)
	at org.testng.remote.RemoteTestNG.initAndRun(RemoteTestNG.java:251)
	at org.testng.remote.RemoteTestNG.main(RemoteTestNG.java:77)
</pre></div></td>
<td>1</td>
<td>TestCases.CreateVendorTest@548e7350</td></tr>
</table><p>
<table width='100%' border='1' class='invocation-passed'>
<tr><td colspan='4' align='center'><b>PASSED TESTS</b></td></tr>
<tr><td><b>Test method</b></td>
<td width="30%"><b>Exception</b></td>
<td width="10%"><b>Time (seconds)</b></td>
<td><b>Instance</b></td>
</tr>
<tr>
<td title='TestCases.LoginTest.loginPageTest()'><b>loginPageTest</b><br>Test class: TestCases.LoginTest</td>
<td></td>
<td>4</td>
<td>TestCases.LoginTest@5442a311</td></tr>
</table><p>
</body>
</html>