<?xml version="1.0" encoding="UTF-8"?>
<!-- Generated by org.testng.reporters.JUnitXMLReporter -->
<testsuite hostname="DESKTOP-79QFOE9" ignored="4" name="Test" tests="2" failures="1" timestamp="13 Jan 2021 07:08:18 GMT" time="7.233" errors="0">
  <testcase name="loginPageTest" time="4.41" classname="TestCases.LoginTest"/>
  <testcase name="createVendor" time="1.276" classname="TestCases.CreateVendorTest">
    <failure type="org.openqa.selenium.WebDriverException" message="unknown error: Element &amp;lt;path d=&amp;quot;M1.65305487,0.0816707806 L24.3149344,0.0816707806 C25.2278914,0.0816707806 25.9679892,0.821768655 25.9679892,1.73472565 C25.9679892,2.64768265 25.2278914,3.38778052 24.3149344,3.38778052 L1.65305487,3.38778052 C0.740097875,3.38778052 1.11804986e-16,2.64768265 0,1.73472565 C-1.11804986e-16,0.821768655 0.740097875,0.0816707806 1.65305487,0.0816707806 Z M1.65305487,8.34694513 L16.1342177,8.34694513 C17.0471747,8.34694513 17.7872725,9.087043 17.7872725,10 C17.7872725,10.912957 17.0471747,11.6530549 16.1342177,11.6530549 L1.65305487,11.6530549 C0.740097875,11.6530549 1.11804986e-16,10.912957 0,10 C-1.11804986e-16,9.087043 0.740097875,8.34694513 1.65305487,8.34694513 Z M22.1076003,8.34694513 L24.3160359,8.34694513 C25.2289928,8.34694513 25.9690907,9.087043 25.9690907,10 C25.9690907,10.912957 25.2289928,11.6530549 24.3160359,11.6530549 L22.1076003,11.6530549 C21.1946433,11.6530549 20.4545455,10.912957 20.4545455,10 C20.4545455,9.087043 21.1946433,8.34694513 22.1076003,8.34694513 Z M1.65305487,16.6122195 L24.3149344,16.6122195 C25.2278914,16.6122195 25.9679892,17.3523174 25.9679892,18.2652743 C25.9679892,19.1782313 25.2278914,19.9183292 24.3149344,19.9183292 L1.65305487,19.9183292 C0.740097875,19.9183292 1.11804986e-16,19.1782313 0,18.2652743 C-1.11804986e-16,17.3523174 0.740097875,16.6122195 1.65305487,16.6122195 Z&amp;quot; id=&amp;quot;Combined-Shape4&amp;quot;&amp;gt;&amp;lt;/path&amp;gt; is not clickable at point (1299, 28). Other element would receive the click: &amp;lt;div class=&amp;quot;modal-backdrop loading normal&amp;quot; style=&amp;quot;background: rgba(0,0,0,0.7);position:fixed;z-index:3060;height:100%;top:0px;left:0px;bottom: 0px;right:0px;text-align: center;&amp;quot;&amp;gt;...&amp;lt;/div&amp;gt;
  (Session info: chrome=87.0.4280.141)
  (Driver info: chromedriver=2.40.565498 (ea082db3280dd6843ebfb08a625e3eb905c4f5ab),platform=Windows NT 10.0.18363 x86_64) (WARNING: The server did not provide any stacktrace information)
Command duration or timeout: 0 milliseconds
Build info: version: &amp;apos;3.141.59&amp;apos;, revision: &amp;apos;e82be7d358&amp;apos;, time: &amp;apos;2018-11-14T08:17:03&amp;apos;
System info: host: &amp;apos;DESKTOP-79QFOE9&amp;apos;, ip: &amp;apos;192.168.100.40&amp;apos;, os.name: &amp;apos;Windows 10&amp;apos;, os.arch: &amp;apos;amd64&amp;apos;, os.version: &amp;apos;10.0&amp;apos;, java.version: &amp;apos;1.8.0_171&amp;apos;
Driver info: org.openqa.selenium.chrome.ChromeDriver
Capabilities {acceptInsecureCerts: false, acceptSslCerts: false, applicationCacheEnabled: false, browserConnectionEnabled: false, browserName: chrome, chrome: {chromedriverVersion: 2.40.565498 (ea082db3280dd6..., userDataDir: C:\Users\LENOVO\AppData\Loc...}, cssSelectorsEnabled: true, databaseEnabled: false, handlesAlerts: true, hasTouchScreen: false, javascriptEnabled: true, locationContextEnabled: true, mobileEmulationEnabled: false, nativeEvents: true, networkConnectionEnabled: false, pageLoadStrategy: normal, platform: XP, platformName: XP, rotatable: false, setWindowRect: true, takesHeapSnapshot: true, takesScreenshot: true, unexpectedAlertBehaviour: , unhandledPromptBehavior: , version: 87.0.4280.141, webStorageEnabled: true}
Session ID: 659e32492182c1c92fb845edd64ea710">
      <![CDATA[org.openqa.selenium.WebDriverException: unknown error: Element <path d="M1.65305487,0.0816707806 L24.3149344,0.0816707806 C25.2278914,0.0816707806 25.9679892,0.821768655 25.9679892,1.73472565 C25.9679892,2.64768265 25.2278914,3.38778052 24.3149344,3.38778052 L1.65305487,3.38778052 C0.740097875,3.38778052 1.11804986e-16,2.64768265 0,1.73472565 C-1.11804986e-16,0.821768655 0.740097875,0.0816707806 1.65305487,0.0816707806 Z M1.65305487,8.34694513 L16.1342177,8.34694513 C17.0471747,8.34694513 17.7872725,9.087043 17.7872725,10 C17.7872725,10.912957 17.0471747,11.6530549 16.1342177,11.6530549 L1.65305487,11.6530549 C0.740097875,11.6530549 1.11804986e-16,10.912957 0,10 C-1.11804986e-16,9.087043 0.740097875,8.34694513 1.65305487,8.34694513 Z M22.1076003,8.34694513 L24.3160359,8.34694513 C25.2289928,8.34694513 25.9690907,9.087043 25.9690907,10 C25.9690907,10.912957 25.2289928,11.6530549 24.3160359,11.6530549 L22.1076003,11.6530549 C21.1946433,11.6530549 20.4545455,10.912957 20.4545455,10 C20.4545455,9.087043 21.1946433,8.34694513 22.1076003,8.34694513 Z M1.65305487,16.6122195 L24.3149344,16.6122195 C25.2278914,16.6122195 25.9679892,17.3523174 25.9679892,18.2652743 C25.9679892,19.1782313 25.2278914,19.9183292 24.3149344,19.9183292 L1.65305487,19.9183292 C0.740097875,19.9183292 1.11804986e-16,19.1782313 0,18.2652743 C-1.11804986e-16,17.3523174 0.740097875,16.6122195 1.65305487,16.6122195 Z" id="Combined-Shape4"></path> is not clickable at point (1299, 28). Other element would receive the click: <div class="modal-backdrop loading normal" style="background: rgba(0,0,0,0.7);position:fixed;z-index:3060;height:100%;top:0px;left:0px;bottom: 0px;right:0px;text-align: center;">...</div>
  (Session info: chrome=87.0.4280.141)
  (Driver info: chromedriver=2.40.565498 (ea082db3280dd6843ebfb08a625e3eb905c4f5ab),platform=Windows NT 10.0.18363 x86_64) (WARNING: The server did not provide any stacktrace information)
Command duration or timeout: 0 milliseconds
Build info: version: '3.141.59', revision: 'e82be7d358', time: '2018-11-14T08:17:03'
System info: host: 'DESKTOP-79QFOE9', ip: '192.168.100.40', os.name: 'Windows 10', os.arch: 'amd64', os.version: '10.0', java.version: '1.8.0_171'
Driver info: org.openqa.selenium.chrome.ChromeDriver
Capabilities {acceptInsecureCerts: false, acceptSslCerts: false, applicationCacheEnabled: false, browserConnectionEnabled: false, browserName: chrome, chrome: {chromedriverVersion: 2.40.565498 (ea082db3280dd6..., userDataDir: C:\Users\LENOVO\AppData\Loc...}, cssSelectorsEnabled: true, databaseEnabled: false, handlesAlerts: true, hasTouchScreen: false, javascriptEnabled: true, locationContextEnabled: true, mobileEmulationEnabled: false, nativeEvents: true, networkConnectionEnabled: false, pageLoadStrategy: normal, platform: XP, platformName: XP, rotatable: false, setWindowRect: true, takesHeapSnapshot: true, takesScreenshot: true, unexpectedAlertBehaviour: , unhandledPromptBehavior: , version: 87.0.4280.141, webStorageEnabled: true}
Session ID: 659e32492182c1c92fb845edd64ea710
at org.openqa.selenium.remote.ErrorHandler.createThrowable(ErrorHandler.java:214)
at org.openqa.selenium.remote.ErrorHandler.throwIfResponseFailed(ErrorHandler.java:166)
at org.openqa.selenium.remote.http.JsonHttpResponseCodec.reconstructValue(JsonHttpResponseCodec.java:40)
at org.openqa.selenium.remote.http.AbstractHttpResponseCodec.decode(AbstractHttpResponseCodec.java:80)
at org.openqa.selenium.remote.http.AbstractHttpResponseCodec.decode(AbstractHttpResponseCodec.java:44)
at org.openqa.selenium.remote.HttpCommandExecutor.execute(HttpCommandExecutor.java:158)
at org.openqa.selenium.remote.service.DriverCommandExecutor.execute(DriverCommandExecutor.java:83)
at org.openqa.selenium.remote.RemoteWebDriver.execute(RemoteWebDriver.java:552)
at org.openqa.selenium.remote.RemoteWebElement.execute(RemoteWebElement.java:285)
at org.openqa.selenium.remote.RemoteWebElement.click(RemoteWebElement.java:84)
at org.openqa.selenium.support.pagefactory.internal.LocatingElementHandler.invoke(LocatingElementHandler.java:51)
at com.sun.proxy.$Proxy13.click(Unknown Source)
at Pages.Homepage.clicONMenuButton(Homepage.java:26)
at TestCases.CreateVendorTest.createVendor(CreateVendorTest.java:19)
... Removed 33 stack frames]]>
    </failure>
  </testcase> <!-- createVendor -->
  <testcase name="@AfterSuite CloseFramework" time="0.0" classname="Constant.BaseTest">
    <ignored/>
  </testcase> <!-- @AfterSuite CloseFramework -->
  <testcase name="@BeforeTest Extent" time="0.0" classname="Constant.BaseTest">
    <ignored/>
  </testcase> <!-- @BeforeTest Extent -->
  <testcase name="@AfterTest GenerareReport" time="0.0" classname="Constant.BaseTest">
    <ignored/>
  </testcase> <!-- @AfterTest GenerareReport -->
  <testcase name="@BeforeSuite initApplication" time="0.0" classname="Constant.BaseTest">
    <ignored/>
  </testcase> <!-- @BeforeSuite initApplication -->
</testsuite> <!-- Test -->
